2020-05-13 10:36:25.362  INFO 552 --- [main] com.bootdemo.BootdemoApplication         : Starting BootdemoApplication on id201725010127 with PID 552 (E:\intellijproject\bootdemo\target\classes started by ASUS in E:\intellijproject\bootdemo)
2020-05-13 10:36:25.376  INFO 552 --- [main] com.bootdemo.BootdemoApplication         : No active profile set, falling back to default profiles: default
2020-05-13 10:36:27.822  INFO 552 --- [main] .s.d.r.c.RepositoryConfigurationDelegate : Multiple Spring Data modules found, entering strict repository configuration mode!
2020-05-13 10:36:27.823  INFO 552 --- [main] .s.d.r.c.RepositoryConfigurationDelegate : Bootstrapping Spring Data JPA repositories in DEFAULT mode.
2020-05-13 10:36:27.870  INFO 552 --- [main] .s.d.r.c.RepositoryConfigurationDelegate : Finished Spring Data repository scanning in 25ms. Found 0 JPA repository interfaces.
2020-05-13 10:36:27.917  INFO 552 --- [main] .s.d.r.c.RepositoryConfigurationDelegate : Multiple Spring Data modules found, entering strict repository configuration mode!
2020-05-13 10:36:27.920  INFO 552 --- [main] .s.d.r.c.RepositoryConfigurationDelegate : Bootstrapping Spring Data Redis repositories in DEFAULT mode.
2020-05-13 10:36:27.946  INFO 552 --- [main] .s.d.r.c.RepositoryConfigurationDelegate : Finished Spring Data repository scanning in 5ms. Found 0 Redis repository interfaces.
2020-05-13 10:36:29.016  INFO 552 --- [main] o.s.b.w.embedded.tomcat.TomcatWebServer  : Tomcat initialized with port(s): 8080 (http)
2020-05-13 10:36:29.039  INFO 552 --- [main] o.apache.catalina.core.StandardService   : Starting service [Tomcat]
2020-05-13 10:36:29.040  INFO 552 --- [main] org.apache.catalina.core.StandardEngine  : Starting Servlet engine: [Apache Tomcat/9.0.31]
2020-05-13 10:36:29.661  INFO 552 --- [main] o.a.c.c.C.[.[localhost].[/bootdemo]      : Initializing Spring embedded WebApplicationContext
2020-05-13 10:36:29.661 DEBUG 552 --- [main] o.s.web.context.ContextLoader            : Published root WebApplicationContext as ServletContext attribute with name [org.springframework.web.context.WebApplicationContext.ROOT]
2020-05-13 10:36:29.661  INFO 552 --- [main] o.s.web.context.ContextLoader            : Root WebApplicationContext: initialization completed in 3992 ms
2020-05-13 10:36:29.784  INFO 552 --- [main] c.a.d.s.b.a.DruidDataSourceAutoConfigure : Init DruidDataSource
2020-05-13 10:36:32.976  INFO 552 --- [main] com.alibaba.druid.pool.DruidDataSource   : {dataSource-1} inited
2020-05-13 10:36:34.024  INFO 552 --- [main] o.hibernate.jpa.internal.util.LogHelper  : HHH000204: Processing PersistenceUnitInfo [name: default]
2020-05-13 10:36:34.222  INFO 552 --- [main] org.hibernate.Version                    : HHH000412: Hibernate ORM core version 5.4.12.Final
2020-05-13 10:36:34.568  INFO 552 --- [main] o.hibernate.annotations.common.Version   : HCANN000001: Hibernate Commons Annotations {5.1.0.Final}
2020-05-13 10:36:34.840  INFO 552 --- [main] org.hibernate.dialect.Dialect            : HHH000400: Using dialect: org.hibernate.dialect.MySQL57Dialect
2020-05-13 10:36:35.157  INFO 552 --- [main] o.h.e.t.j.p.i.JtaPlatformInitiator       : HHH000490: Using JtaPlatform implementation: [org.hibernate.engine.transaction.jta.platform.internal.NoJtaPlatform]
2020-05-13 10:36:35.167  INFO 552 --- [main] j.LocalContainerEntityManagerFactoryBean : Initialized JPA EntityManagerFactory for persistence unit 'default'
2020-05-13 10:36:37.069  INFO 552 --- [main] o.s.s.concurrent.ThreadPoolTaskExecutor  : Initializing ExecutorService 'applicationTaskExecutor'
2020-05-13 10:36:37.098 DEBUG 552 --- [main] s.w.s.m.m.a.RequestMappingHandlerAdapter : ControllerAdvice beans: 0 @ModelAttribute, 0 @InitBinder, 1 RequestBodyAdvice, 1 ResponseBodyAdvice
2020-05-13 10:36:37.179 DEBUG 552 --- [main] s.w.s.m.m.a.RequestMappingHandlerMapping : 10 mappings in 'requestMappingHandlerMapping'
2020-05-13 10:36:37.209  INFO 552 --- [main] o.s.b.a.w.s.WelcomePageHandlerMapping    : Adding welcome page: class path resource [static/index.html]
2020-05-13 10:36:37.231 DEBUG 552 --- [main] o.s.w.s.handler.SimpleUrlHandlerMapping  : Patterns [/webjars/**, /**] in 'resourceHandlerMapping'
2020-05-13 10:36:37.273 DEBUG 552 --- [main] .m.m.a.ExceptionHandlerExceptionResolver : ControllerAdvice beans: 0 @ExceptionHandler, 1 ResponseBodyAdvice
2020-05-13 10:36:37.609  INFO 552 --- [main] o.s.b.w.embedded.tomcat.TomcatWebServer  : Tomcat started on port(s): 8080 (http) with context path '/bootdemo'
2020-05-13 10:36:37.612  INFO 552 --- [main] com.bootdemo.BootdemoApplication         : Started BootdemoApplication in 13.533 seconds (JVM running for 18.261)
2020-05-13 10:37:28.670  INFO 552 --- [http-nio-8080-exec-3] o.a.c.c.C.[.[localhost].[/bootdemo]      : Initializing Spring DispatcherServlet 'dispatcherServlet'
2020-05-13 10:37:28.670  INFO 552 --- [http-nio-8080-exec-3] o.s.web.servlet.DispatcherServlet        : Initializing Servlet 'dispatcherServlet'
2020-05-13 10:37:28.671 DEBUG 552 --- [http-nio-8080-exec-3] o.s.web.servlet.DispatcherServlet        : Detected StandardServletMultipartResolver
2020-05-13 10:37:28.685 DEBUG 552 --- [http-nio-8080-exec-3] o.s.web.servlet.DispatcherServlet        : enableLoggingRequestDetails='false': request parameters and headers will be masked to prevent unsafe logging of potentially sensitive data
2020-05-13 10:37:28.685  INFO 552 --- [http-nio-8080-exec-3] o.s.web.servlet.DispatcherServlet        : Completed initialization in 14 ms
2020-05-13 10:37:29.831 DEBUG 552 --- [http-nio-8080-exec-3] o.s.web.servlet.DispatcherServlet        : GET "/bootdemo/", parameters={}
2020-05-13 10:37:29.885 DEBUG 552 --- [http-nio-8080-exec-3] o.s.w.s.v.ContentNegotiatingViewResolver : Selected 'text/html' given [text/html, application/xhtml+xml, image/webp, image/apng, application/xml;q=0.9, application/signed-exchange;v=b3;q=0.9, */*;q=0.8]
2020-05-13 10:37:29.886 DEBUG 552 --- [http-nio-8080-exec-3] o.s.w.servlet.view.InternalResourceView  : View [InternalResourceView], model {}
2020-05-13 10:37:29.888 DEBUG 552 --- [http-nio-8080-exec-3] o.s.w.servlet.view.InternalResourceView  : Forwarding to [index.html]
2020-05-13 10:37:29.891 DEBUG 552 --- [http-nio-8080-exec-3] o.s.web.servlet.DispatcherServlet        : "FORWARD" dispatch for GET "/bootdemo/index.html", parameters={}
2020-05-13 10:37:29.894 DEBUG 552 --- [http-nio-8080-exec-3] o.s.w.s.handler.SimpleUrlHandlerMapping  : Mapped to ResourceHttpRequestHandler ["classpath:/META-INF/resources/", "classpath:/resources/", "classpath:/static/", "classpath:/public/", "/"]
2020-05-13 10:37:31.252 DEBUG 552 --- [http-nio-8080-exec-3] o.s.web.servlet.DispatcherServlet        : Exiting from "FORWARD" dispatch, status 200
2020-05-13 10:37:31.255 DEBUG 552 --- [http-nio-8080-exec-3] o.s.web.servlet.DispatcherServlet        : Completed 200 OK
2020-05-13 10:37:32.007 DEBUG 552 --- [http-nio-8080-exec-4] o.s.web.servlet.DispatcherServlet        : GET "/bootdemo/img/train.jpeg", parameters={}
2020-05-13 10:37:32.008 DEBUG 552 --- [http-nio-8080-exec-4] o.s.w.s.handler.SimpleUrlHandlerMapping  : Mapped to ResourceHttpRequestHandler ["classpath:/META-INF/resources/", "classpath:/resources/", "classpath:/static/", "classpath:/public/", "/"]
2020-05-13 10:37:34.768 DEBUG 552 --- [http-nio-8080-exec-4] o.s.web.servlet.DispatcherServlet        : Completed 200 OK
2020-05-13 10:38:14.294 DEBUG 552 --- [http-nio-8080-exec-6] o.s.web.servlet.DispatcherServlet        : POST "/bootdemo/query/query.do", parameters={masked}
2020-05-13 10:38:14.300 DEBUG 552 --- [http-nio-8080-exec-6] s.w.s.m.m.a.RequestMappingHandlerMapping : Mapped to com.bootdemo.controller.QueryController#doQuery(String, String, String)
2020-05-13 10:38:14.638 DEBUG 552 --- [http-nio-8080-exec-6] c.b.d.T.selectTrainSectionByTimeAndPlace : ==>  Preparing: SELECT * FROM train_section WHERE startSection = ? AND endSection = ? AND DATE_FORMAT(startTime, '%Y-%m-%d') = ? 
2020-05-13 10:38:14.690 DEBUG 552 --- [http-nio-8080-exec-6] c.b.d.T.selectTrainSectionByTimeAndPlace : ==> Parameters: 成都(String), 上海(String), 2020-05-31(String)
2020-05-13 10:38:14.744 DEBUG 552 --- [http-nio-8080-exec-6] c.b.d.T.selectTrainSectionByTimeAndPlace : <==      Total: 0
2020-05-13 10:38:14.759 DEBUG 552 --- [http-nio-8080-exec-6] o.s.w.s.v.ContentNegotiatingViewResolver : Selected 'text/html' given [text/html, application/xhtml+xml, image/webp, image/apng, application/xml;q=0.9, application/signed-exchange;v=b3;q=0.9, */*;q=0.8]
2020-05-13 10:38:15.289 DEBUG 552 --- [http-nio-8080-exec-6] o.s.web.servlet.DispatcherServlet        : Completed 200 OK
2020-05-13 10:38:31.269 DEBUG 552 --- [http-nio-8080-exec-9] o.s.web.servlet.DispatcherServlet        : GET "/bootdemo/login/login.html", parameters={}
2020-05-13 10:38:31.275 DEBUG 552 --- [http-nio-8080-exec-9] o.s.w.s.handler.SimpleUrlHandlerMapping  : Mapped to ResourceHttpRequestHandler ["classpath:/META-INF/resources/", "classpath:/resources/", "classpath:/static/", "classpath:/public/", "/"]
2020-05-13 10:38:31.871 DEBUG 552 --- [http-nio-8080-exec-9] o.s.web.servlet.DispatcherServlet        : Completed 200 OK
2020-05-13 10:38:34.688 DEBUG 552 --- [http-nio-8080-exec-1] o.s.web.servlet.DispatcherServlet        : POST "/bootdemo/login/login.do", parameters={masked}
2020-05-13 10:38:34.688 DEBUG 552 --- [http-nio-8080-exec-1] s.w.s.m.m.a.RequestMappingHandlerMapping : Mapped to com.bootdemo.controller.UserController#doLogin(String, String, Model)
2020-05-13 10:38:34.693 DEBUG 552 --- [http-nio-8080-exec-1] c.b.d.U.selectUserByPhoneNumber          : ==>  Preparing: select * from user where phoneNumber = ? 
2020-05-13 10:38:34.693 DEBUG 552 --- [http-nio-8080-exec-1] c.b.d.U.selectUserByPhoneNumber          : ==> Parameters: 18219559679(String)
2020-05-13 10:38:34.743 DEBUG 552 --- [http-nio-8080-exec-1] c.b.d.U.selectUserByPhoneNumber          : <==      Total: 1
2020-05-13 10:38:35.266 DEBUG 552 --- [http-nio-8080-exec-1] o.s.w.s.v.ContentNegotiatingViewResolver : Selected 'text/html' given [text/html, application/xhtml+xml, image/webp, application/xml;q=0.9, */*;q=0.8]
2020-05-13 10:38:35.557 DEBUG 552 --- [http-nio-8080-exec-1] o.s.web.servlet.DispatcherServlet        : Completed 200 OK
2020-05-13 10:38:35.584 DEBUG 552 --- [http-nio-8080-exec-2] o.s.web.servlet.DispatcherServlet        : GET "/bootdemo/img/download.png", parameters={}
2020-05-13 10:38:35.585 DEBUG 552 --- [http-nio-8080-exec-2] o.s.w.s.handler.SimpleUrlHandlerMapping  : Mapped to ResourceHttpRequestHandler ["classpath:/META-INF/resources/", "classpath:/resources/", "classpath:/static/", "classpath:/public/", "/"]
2020-05-13 10:38:35.630 DEBUG 552 --- [http-nio-8080-exec-2] o.s.web.servlet.DispatcherServlet        : Completed 200 OK
2020-05-13 10:38:37.778 DEBUG 552 --- [http-nio-8080-exec-3] o.s.web.servlet.DispatcherServlet        : GET "/bootdemo/img/loading.jpeg.gif", parameters={}
2020-05-13 10:38:37.779 DEBUG 552 --- [http-nio-8080-exec-3] o.s.w.s.handler.SimpleUrlHandlerMapping  : Mapped to ResourceHttpRequestHandler ["classpath:/META-INF/resources/", "classpath:/resources/", "classpath:/static/", "classpath:/public/", "/"]
2020-05-13 10:38:37.784 DEBUG 552 --- [http-nio-8080-exec-4] o.s.web.servlet.DispatcherServlet        : POST "/bootdemo/query/personal.do", parameters={masked}
2020-05-13 10:38:37.785 DEBUG 552 --- [http-nio-8080-exec-4] s.w.s.m.m.a.RequestMappingHandlerMapping : Mapped to com.bootdemo.controller.QueryController#doPersonal(String, Model)
2020-05-13 10:38:38.392 DEBUG 552 --- [http-nio-8080-exec-3] o.s.web.servlet.DispatcherServlet        : Completed 200 OK
2020-05-13 10:38:38.931  INFO 552 --- [http-nio-8080-exec-4] io.lettuce.core.EpollProvider            : Starting without optional epoll library
2020-05-13 10:38:38.932  INFO 552 --- [http-nio-8080-exec-4] io.lettuce.core.KqueueProvider           : Starting without optional kqueue library
2020-05-13 10:38:39.889 DEBUG 552 --- [http-nio-8080-exec-4] c.b.d.O.selectOrdersByUserIdIsPay        : ==>  Preparing: SELECT * FROM orders WHERE isPay = ? AND userId = ? ORDER BY orderId desc 
2020-05-13 10:38:39.892 DEBUG 552 --- [http-nio-8080-exec-4] c.b.d.O.selectOrdersByUserIdIsPay        : ==> Parameters: 1(Byte), 2(Integer)
2020-05-13 10:38:39.932 DEBUG 552 --- [http-nio-8080-exec-4] c.b.d.O.selectOrdersByUserIdIsPay        : <==      Total: 3
2020-05-13 10:38:39.973 DEBUG 552 --- [http-nio-8080-exec-4] c.b.d.T.selectTrainSection               : ==>  Preparing: SELECT * FROM train_section WHERE sectionId = ? 
2020-05-13 10:38:39.974 DEBUG 552 --- [http-nio-8080-exec-4] c.b.d.T.selectTrainSection               : ==> Parameters: 10001(Integer)
2020-05-13 10:38:40.012 DEBUG 552 --- [http-nio-8080-exec-4] c.b.d.T.selectTrainSection               : <==      Total: 1
2020-05-13 10:38:40.166 DEBUG 552 --- [http-nio-8080-exec-4] c.b.dao.TicketMapper.selectTicket        : ==>  Preparing: SELECT * FROM ticket WHERE ticketId = ? 
2020-05-13 10:38:40.166 DEBUG 552 --- [http-nio-8080-exec-4] c.b.dao.TicketMapper.selectTicket        : ==> Parameters: 102(Integer)
2020-05-13 10:38:40.206 DEBUG 552 --- [http-nio-8080-exec-4] c.b.dao.TicketMapper.selectTicket        : <==      Total: 1
2020-05-13 10:38:40.246 DEBUG 552 --- [http-nio-8080-exec-4] c.b.d.TicketTypeMapper.selectTicketType  : ==>  Preparing: SELECT * FROM ticket_type WHERE typeId = ? 
2020-05-13 10:38:40.247 DEBUG 552 --- [http-nio-8080-exec-4] c.b.d.TicketTypeMapper.selectTicketType  : ==> Parameters: 10000(Integer)
2020-05-13 10:38:40.284 DEBUG 552 --- [http-nio-8080-exec-4] c.b.d.TicketTypeMapper.selectTicketType  : <==      Total: 1
2020-05-13 10:38:40.409 DEBUG 552 --- [http-nio-8080-exec-4] c.b.dao.TicketMapper.selectTicket        : ==>  Preparing: SELECT * FROM ticket WHERE ticketId = ? 
2020-05-13 10:38:40.410 DEBUG 552 --- [http-nio-8080-exec-4] c.b.dao.TicketMapper.selectTicket        : ==> Parameters: 101(Integer)
2020-05-13 10:38:40.449 DEBUG 552 --- [http-nio-8080-exec-4] c.b.dao.TicketMapper.selectTicket        : <==      Total: 1
2020-05-13 10:38:40.571 DEBUG 552 --- [http-nio-8080-exec-4] c.b.dao.TicketMapper.selectTicket        : ==>  Preparing: SELECT * FROM ticket WHERE ticketId = ? 
2020-05-13 10:38:40.571 DEBUG 552 --- [http-nio-8080-exec-4] c.b.dao.TicketMapper.selectTicket        : ==> Parameters: 114(Integer)
2020-05-13 10:38:40.611 DEBUG 552 --- [http-nio-8080-exec-4] c.b.dao.TicketMapper.selectTicket        : <==      Total: 1
2020-05-13 10:38:40.651 DEBUG 552 --- [http-nio-8080-exec-4] c.b.d.TicketTypeMapper.selectTicketType  : ==>  Preparing: SELECT * FROM ticket_type WHERE typeId = ? 
2020-05-13 10:38:40.651 DEBUG 552 --- [http-nio-8080-exec-4] c.b.d.TicketTypeMapper.selectTicketType  : ==> Parameters: 10003(Integer)
2020-05-13 10:38:40.690 DEBUG 552 --- [http-nio-8080-exec-4] c.b.d.TicketTypeMapper.selectTicketType  : <==      Total: 1
2020-05-13 10:38:40.781 DEBUG 552 --- [http-nio-8080-exec-4] o.s.w.s.v.ContentNegotiatingViewResolver : Selected 'text/html' given [text/html, */*;q=0.01]
2020-05-13 10:38:41.931 DEBUG 552 --- [http-nio-8080-exec-4] o.s.web.servlet.DispatcherServlet        : Completed 200 OK
2020-05-13 10:46:50.405 DEBUG 552 --- [http-nio-8080-exec-7] o.s.web.servlet.DispatcherServlet        : GET "/bootdemo/query/personal.do?content=logout", parameters={masked}
2020-05-13 10:46:50.406 DEBUG 552 --- [http-nio-8080-exec-7] s.w.s.m.m.a.RequestMappingHandlerMapping : Mapped to com.bootdemo.controller.QueryController#doPersonal(String, Model)
2020-05-13 10:46:50.413 DEBUG 552 --- [http-nio-8080-exec-7] o.s.web.servlet.view.RedirectView        : View name 'redirect:/login/login.html', model {}
2020-05-13 10:46:50.413 DEBUG 552 --- [http-nio-8080-exec-7] o.s.web.servlet.DispatcherServlet        : Completed 200 OK
2020-05-13 10:46:50.420 DEBUG 552 --- [http-nio-8080-exec-8] o.s.web.servlet.DispatcherServlet        : GET "/bootdemo/login/login.html", parameters={}
2020-05-13 10:46:50.422 DEBUG 552 --- [http-nio-8080-exec-8] o.s.w.s.handler.SimpleUrlHandlerMapping  : Mapped to ResourceHttpRequestHandler ["classpath:/META-INF/resources/", "classpath:/resources/", "classpath:/static/", "classpath:/public/", "/"]
2020-05-13 10:46:50.425 DEBUG 552 --- [http-nio-8080-exec-8] o.s.web.servlet.DispatcherServlet        : Completed 200 OK
2020-05-13 10:46:51.428 DEBUG 552 --- [http-nio-8080-exec-10] o.s.web.servlet.DispatcherServlet        : POST "/bootdemo/login/login.do", parameters={masked}
2020-05-13 10:46:51.428 DEBUG 552 --- [http-nio-8080-exec-10] s.w.s.m.m.a.RequestMappingHandlerMapping : Mapped to com.bootdemo.controller.UserController#doLogin(String, String, Model)
2020-05-13 10:46:53.455 DEBUG 552 --- [http-nio-8080-exec-10] c.b.d.U.selectUserByPhoneNumber          : ==>  Preparing: select * from user where phoneNumber = ? 
2020-05-13 10:46:53.456 DEBUG 552 --- [http-nio-8080-exec-10] c.b.d.U.selectUserByPhoneNumber          : ==> Parameters: 18219559679(String)
2020-05-13 10:46:53.513 DEBUG 552 --- [http-nio-8080-exec-10] c.b.d.U.selectUserByPhoneNumber          : <==      Total: 1
2020-05-13 10:46:53.514 DEBUG 552 --- [http-nio-8080-exec-10] o.s.w.s.v.ContentNegotiatingViewResolver : Selected 'text/html' given [text/html, application/xhtml+xml, image/webp, application/xml;q=0.9, */*;q=0.8]
2020-05-13 10:46:53.521 DEBUG 552 --- [http-nio-8080-exec-10] o.s.web.servlet.DispatcherServlet        : Completed 200 OK
2020-05-13 10:46:55.352 DEBUG 552 --- [http-nio-8080-exec-1] o.s.web.servlet.DispatcherServlet        : GET "/bootdemo/img/download.png", parameters={}
2020-05-13 10:46:55.353 DEBUG 552 --- [http-nio-8080-exec-1] o.s.w.s.handler.SimpleUrlHandlerMapping  : Mapped to ResourceHttpRequestHandler ["classpath:/META-INF/resources/", "classpath:/resources/", "classpath:/static/", "classpath:/public/", "/"]
2020-05-13 10:46:55.359 DEBUG 552 --- [http-nio-8080-exec-1] o.s.web.servlet.DispatcherServlet        : Completed 200 OK
2020-05-13 10:46:56.539 DEBUG 552 --- [http-nio-8080-exec-2] o.s.web.servlet.DispatcherServlet        : GET "/bootdemo/img/loading.jpeg.gif", parameters={}
2020-05-13 10:46:56.540 DEBUG 552 --- [http-nio-8080-exec-2] o.s.w.s.handler.SimpleUrlHandlerMapping  : Mapped to ResourceHttpRequestHandler ["classpath:/META-INF/resources/", "classpath:/resources/", "classpath:/static/", "classpath:/public/", "/"]
2020-05-13 10:46:56.545 DEBUG 552 --- [http-nio-8080-exec-3] o.s.web.servlet.DispatcherServlet        : POST "/bootdemo/query/personal.do", parameters={masked}
2020-05-13 10:46:56.545 DEBUG 552 --- [http-nio-8080-exec-3] s.w.s.m.m.a.RequestMappingHandlerMapping : Mapped to com.bootdemo.controller.QueryController#doPersonal(String, Model)
2020-05-13 10:46:56.588 DEBUG 552 --- [http-nio-8080-exec-3] c.b.d.O.selectOrdersByUserIdIsPay        : ==>  Preparing: SELECT * FROM orders WHERE isPay = ? AND userId = ? ORDER BY orderId desc 
2020-05-13 10:46:56.589 DEBUG 552 --- [http-nio-8080-exec-3] c.b.d.O.selectOrdersByUserIdIsPay        : ==> Parameters: 1(Byte), 2(Integer)
2020-05-13 10:46:56.636 DEBUG 552 --- [http-nio-8080-exec-3] c.b.d.O.selectOrdersByUserIdIsPay        : <==      Total: 3
2020-05-13 10:46:56.677 DEBUG 552 --- [http-nio-8080-exec-3] c.b.dao.TicketMapper.selectTicket        : ==>  Preparing: SELECT * FROM ticket WHERE ticketId = ? 
2020-05-13 10:46:56.678 DEBUG 552 --- [http-nio-8080-exec-3] c.b.dao.TicketMapper.selectTicket        : ==> Parameters: 102(Integer)
2020-05-13 10:46:56.719 DEBUG 552 --- [http-nio-8080-exec-3] c.b.dao.TicketMapper.selectTicket        : <==      Total: 1
2020-05-13 10:46:56.723 DEBUG 552 --- [http-nio-8080-exec-2] o.s.web.servlet.DispatcherServlet        : Failed to complete request: org.apache.catalina.connector.ClientAbortException: java.io.IOException: 你的主机中的软件中止了一个已建立的连接。
2020-05-13 10:46:56.839 DEBUG 552 --- [http-nio-8080-exec-3] c.b.dao.TicketMapper.selectTicket        : ==>  Preparing: SELECT * FROM ticket WHERE ticketId = ? 
2020-05-13 10:46:56.840 DEBUG 552 --- [http-nio-8080-exec-3] c.b.dao.TicketMapper.selectTicket        : ==> Parameters: 101(Integer)
2020-05-13 10:46:56.881 DEBUG 552 --- [http-nio-8080-exec-3] c.b.dao.TicketMapper.selectTicket        : <==      Total: 1
2020-05-13 10:46:57.006 DEBUG 552 --- [http-nio-8080-exec-3] c.b.dao.TicketMapper.selectTicket        : ==>  Preparing: SELECT * FROM ticket WHERE ticketId = ? 
2020-05-13 10:46:57.006 DEBUG 552 --- [http-nio-8080-exec-3] c.b.dao.TicketMapper.selectTicket        : ==> Parameters: 114(Integer)
2020-05-13 10:46:57.048 DEBUG 552 --- [http-nio-8080-exec-3] c.b.dao.TicketMapper.selectTicket        : <==      Total: 1
2020-05-13 10:46:57.172 DEBUG 552 --- [http-nio-8080-exec-3] o.s.w.s.v.ContentNegotiatingViewResolver : Selected 'text/html' given [text/html, */*;q=0.01]
2020-05-13 10:46:57.196 DEBUG 552 --- [http-nio-8080-exec-3] o.s.web.servlet.DispatcherServlet        : Completed 200 OK
2020-05-13 10:48:34.839 DEBUG 552 --- [http-nio-8080-exec-5] o.s.web.servlet.DispatcherServlet        : POST "/bootdemo/login/login.do", parameters={masked}
2020-05-13 10:48:34.840 DEBUG 552 --- [http-nio-8080-exec-5] s.w.s.m.m.a.RequestMappingHandlerMapping : Mapped to com.bootdemo.controller.UserController#doLogin(String, String, Model)
2020-05-13 10:48:34.886 DEBUG 552 --- [http-nio-8080-exec-5] c.b.d.U.selectUserByPhoneNumber          : ==>  Preparing: select * from user where phoneNumber = ? 
2020-05-13 10:48:34.886 DEBUG 552 --- [http-nio-8080-exec-5] c.b.d.U.selectUserByPhoneNumber          : ==> Parameters: 18219559679(String)
2020-05-13 10:48:34.930 DEBUG 552 --- [http-nio-8080-exec-5] c.b.d.U.selectUserByPhoneNumber          : <==      Total: 1
2020-05-13 10:48:34.931 DEBUG 552 --- [http-nio-8080-exec-5] o.s.w.s.v.ContentNegotiatingViewResolver : Selected 'text/html' given [text/html, application/xhtml+xml, image/webp, application/xml;q=0.9, */*;q=0.8]
2020-05-13 10:48:34.937 DEBUG 552 --- [http-nio-8080-exec-5] o.s.web.servlet.DispatcherServlet        : Completed 200 OK
2020-05-13 10:48:34.971 DEBUG 552 --- [http-nio-8080-exec-6] o.s.web.servlet.DispatcherServlet        : GET "/bootdemo/js/jquery.js", parameters={}
2020-05-13 10:48:34.972 DEBUG 552 --- [http-nio-8080-exec-6] o.s.w.s.handler.SimpleUrlHandlerMapping  : Mapped to ResourceHttpRequestHandler ["classpath:/META-INF/resources/", "classpath:/resources/", "classpath:/static/", "classpath:/public/", "/"]
2020-05-13 10:48:35.275 DEBUG 552 --- [http-nio-8080-exec-6] o.s.web.servlet.DispatcherServlet        : Completed 304 NOT_MODIFIED
2020-05-13 10:48:35.303 DEBUG 552 --- [http-nio-8080-exec-7] o.s.web.servlet.DispatcherServlet        : GET "/bootdemo/img/download.png", parameters={}
2020-05-13 10:48:35.304 DEBUG 552 --- [http-nio-8080-exec-7] o.s.w.s.handler.SimpleUrlHandlerMapping  : Mapped to ResourceHttpRequestHandler ["classpath:/META-INF/resources/", "classpath:/resources/", "classpath:/static/", "classpath:/public/", "/"]
2020-05-13 10:48:35.307 DEBUG 552 --- [http-nio-8080-exec-7] o.s.web.servlet.DispatcherServlet        : Completed 304 NOT_MODIFIED
2020-05-13 10:48:36.312 DEBUG 552 --- [http-nio-8080-exec-8] o.s.web.servlet.DispatcherServlet        : GET "/bootdemo/img/loading.jpeg.gif", parameters={}
2020-05-13 10:48:36.313 DEBUG 552 --- [http-nio-8080-exec-8] o.s.w.s.handler.SimpleUrlHandlerMapping  : Mapped to ResourceHttpRequestHandler ["classpath:/META-INF/resources/", "classpath:/resources/", "classpath:/static/", "classpath:/public/", "/"]
2020-05-13 10:48:36.317 DEBUG 552 --- [http-nio-8080-exec-8] o.s.web.servlet.DispatcherServlet        : Completed 200 OK
2020-05-13 10:48:36.322 DEBUG 552 --- [http-nio-8080-exec-9] o.s.web.servlet.DispatcherServlet        : POST "/bootdemo/query/personal.do", parameters={masked}
2020-05-13 10:48:36.322 DEBUG 552 --- [http-nio-8080-exec-9] s.w.s.m.m.a.RequestMappingHandlerMapping : Mapped to com.bootdemo.controller.QueryController#doPersonal(String, Model)
2020-05-13 10:48:36.433 DEBUG 552 --- [http-nio-8080-exec-9] o.s.w.s.v.ContentNegotiatingViewResolver : Selected 'text/html' given [text/html, */*;q=0.01]
2020-05-13 10:48:36.471 DEBUG 552 --- [http-nio-8080-exec-9] o.s.web.servlet.DispatcherServlet        : Completed 200 OK
2020-05-13 10:48:39.486 DEBUG 552 --- [http-nio-8080-exec-10] o.s.web.servlet.DispatcherServlet        : GET "/bootdemo/query/personal.do?content=logout", parameters={masked}
2020-05-13 10:48:39.487 DEBUG 552 --- [http-nio-8080-exec-10] s.w.s.m.m.a.RequestMappingHandlerMapping : Mapped to com.bootdemo.controller.QueryController#doPersonal(String, Model)
2020-05-13 10:48:39.488 DEBUG 552 --- [http-nio-8080-exec-10] o.s.web.servlet.view.RedirectView        : View name 'redirect:/login/login.html', model {}
2020-05-13 10:48:39.488 DEBUG 552 --- [http-nio-8080-exec-10] o.s.web.servlet.DispatcherServlet        : Completed 200 OK
2020-05-13 10:48:39.492 DEBUG 552 --- [http-nio-8080-exec-1] o.s.web.servlet.DispatcherServlet        : GET "/bootdemo/login/login.html", parameters={}
2020-05-13 10:48:39.494 DEBUG 552 --- [http-nio-8080-exec-1] o.s.w.s.handler.SimpleUrlHandlerMapping  : Mapped to ResourceHttpRequestHandler ["classpath:/META-INF/resources/", "classpath:/resources/", "classpath:/static/", "classpath:/public/", "/"]
2020-05-13 10:48:39.499 DEBUG 552 --- [http-nio-8080-exec-1] o.s.web.servlet.DispatcherServlet        : Completed 200 OK
2020-05-13 10:48:40.547 DEBUG 552 --- [http-nio-8080-exec-2] o.s.web.servlet.DispatcherServlet        : POST "/bootdemo/login/login.do", parameters={masked}
2020-05-13 10:48:40.547 DEBUG 552 --- [http-nio-8080-exec-2] s.w.s.m.m.a.RequestMappingHandlerMapping : Mapped to com.bootdemo.controller.UserController#doLogin(String, String, Model)
2020-05-13 10:48:40.549 DEBUG 552 --- [http-nio-8080-exec-2] c.b.d.U.selectUserByPhoneNumber          : ==>  Preparing: select * from user where phoneNumber = ? 
2020-05-13 10:48:40.550 DEBUG 552 --- [http-nio-8080-exec-2] c.b.d.U.selectUserByPhoneNumber          : ==> Parameters: 18219559679(String)
2020-05-13 10:48:40.592 DEBUG 552 --- [http-nio-8080-exec-2] c.b.d.U.selectUserByPhoneNumber          : <==      Total: 1
2020-05-13 10:48:40.593 DEBUG 552 --- [http-nio-8080-exec-2] o.s.w.s.v.ContentNegotiatingViewResolver : Selected 'text/html' given [text/html, application/xhtml+xml, image/webp, application/xml;q=0.9, */*;q=0.8]
2020-05-13 10:48:40.599 DEBUG 552 --- [http-nio-8080-exec-2] o.s.web.servlet.DispatcherServlet        : Completed 200 OK
2020-05-13 10:48:40.644 DEBUG 552 --- [http-nio-8080-exec-3] o.s.web.servlet.DispatcherServlet        : GET "/bootdemo/img/download.png", parameters={}
2020-05-13 10:48:40.645 DEBUG 552 --- [http-nio-8080-exec-3] o.s.w.s.handler.SimpleUrlHandlerMapping  : Mapped to ResourceHttpRequestHandler ["classpath:/META-INF/resources/", "classpath:/resources/", "classpath:/static/", "classpath:/public/", "/"]
2020-05-13 10:48:40.649 DEBUG 552 --- [http-nio-8080-exec-3] o.s.web.servlet.DispatcherServlet        : Failed to complete request: org.apache.catalina.connector.ClientAbortException: java.io.IOException: 你的主机中的软件中止了一个已建立的连接。
2020-05-13 10:48:41.788 DEBUG 552 --- [http-nio-8080-exec-5] o.s.web.servlet.DispatcherServlet        : POST "/bootdemo/query/personal.do", parameters={masked}
2020-05-13 10:48:41.789 DEBUG 552 --- [http-nio-8080-exec-5] s.w.s.m.m.a.RequestMappingHandlerMapping : Mapped to com.bootdemo.controller.QueryController#doPersonal(String, Model)
2020-05-13 10:48:41.877 DEBUG 552 --- [http-nio-8080-exec-5] o.s.w.s.v.ContentNegotiatingViewResolver : Selected 'text/html' given [text/html, */*;q=0.01]
2020-05-13 10:48:41.888 DEBUG 552 --- [http-nio-8080-exec-5] o.s.web.servlet.DispatcherServlet        : Completed 200 OK
2020-05-13 10:49:24.245 DEBUG 552 --- [http-nio-8080-exec-6] o.s.web.servlet.DispatcherServlet        : GET "/bootdemo/img/ticket.jpg", parameters={}
2020-05-13 10:49:24.246 DEBUG 552 --- [http-nio-8080-exec-6] o.s.w.s.handler.SimpleUrlHandlerMapping  : Mapped to ResourceHttpRequestHandler ["classpath:/META-INF/resources/", "classpath:/resources/", "classpath:/static/", "classpath:/public/", "/"]
2020-05-13 10:49:24.295 DEBUG 552 --- [http-nio-8080-exec-6] o.s.web.servlet.DispatcherServlet        : Completed 200 OK
2020-05-13 10:50:15.382 DEBUG 552 --- [http-nio-8080-exec-7] o.s.web.servlet.DispatcherServlet        : GET "/bootdemo/query/personal.do?content=logout", parameters={masked}
2020-05-13 10:50:15.383 DEBUG 552 --- [http-nio-8080-exec-7] s.w.s.m.m.a.RequestMappingHandlerMapping : Mapped to com.bootdemo.controller.QueryController#doPersonal(String, Model)
2020-05-13 10:50:15.384 DEBUG 552 --- [http-nio-8080-exec-7] o.s.web.servlet.view.RedirectView        : View name 'redirect:/login/login.html', model {}
2020-05-13 10:50:15.384 DEBUG 552 --- [http-nio-8080-exec-7] o.s.web.servlet.DispatcherServlet        : Completed 200 OK
2020-05-13 10:50:15.392 DEBUG 552 --- [http-nio-8080-exec-8] o.s.web.servlet.DispatcherServlet        : GET "/bootdemo/login/login.html", parameters={}
2020-05-13 10:50:15.395 DEBUG 552 --- [http-nio-8080-exec-8] o.s.w.s.handler.SimpleUrlHandlerMapping  : Mapped to ResourceHttpRequestHandler ["classpath:/META-INF/resources/", "classpath:/resources/", "classpath:/static/", "classpath:/public/", "/"]
2020-05-13 10:50:15.402 DEBUG 552 --- [http-nio-8080-exec-8] o.s.web.servlet.DispatcherServlet        : Completed 200 OK
2020-05-13 10:50:16.167 DEBUG 552 --- [http-nio-8080-exec-9] o.s.web.servlet.DispatcherServlet        : POST "/bootdemo/login/login.do", parameters={masked}
2020-05-13 10:50:16.167 DEBUG 552 --- [http-nio-8080-exec-9] s.w.s.m.m.a.RequestMappingHandlerMapping : Mapped to com.bootdemo.controller.UserController#doLogin(String, String, Model)
2020-05-13 10:50:16.213 DEBUG 552 --- [http-nio-8080-exec-9] c.b.d.U.selectUserByPhoneNumber          : ==>  Preparing: select * from user where phoneNumber = ? 
2020-05-13 10:50:16.214 DEBUG 552 --- [http-nio-8080-exec-9] c.b.d.U.selectUserByPhoneNumber          : ==> Parameters: 18219559679(String)
2020-05-13 10:50:16.255 DEBUG 552 --- [http-nio-8080-exec-9] c.b.d.U.selectUserByPhoneNumber          : <==      Total: 1
2020-05-13 10:50:16.257 DEBUG 552 --- [http-nio-8080-exec-9] o.s.w.s.v.ContentNegotiatingViewResolver : Selected 'text/html' given [text/html, application/xhtml+xml, image/webp, application/xml;q=0.9, */*;q=0.8]
2020-05-13 10:50:16.263 DEBUG 552 --- [http-nio-8080-exec-9] o.s.web.servlet.DispatcherServlet        : Completed 200 OK
2020-05-13 10:50:17.523 DEBUG 552 --- [http-nio-8080-exec-10] o.s.web.servlet.DispatcherServlet        : POST "/bootdemo/query/personal.do", parameters={masked}
2020-05-13 10:50:17.523 DEBUG 552 --- [http-nio-8080-exec-10] s.w.s.m.m.a.RequestMappingHandlerMapping : Mapped to com.bootdemo.controller.QueryController#doPersonal(String, Model)
2020-05-13 10:50:17.629 DEBUG 552 --- [http-nio-8080-exec-10] o.s.w.s.v.ContentNegotiatingViewResolver : Selected 'text/html' given [text/html, */*;q=0.01]
2020-05-13 10:50:17.638 DEBUG 552 --- [http-nio-8080-exec-10] o.s.web.servlet.DispatcherServlet        : Completed 200 OK
2020-05-13 10:56:35.757 DEBUG 552 --- [http-nio-8080-exec-2] o.s.web.servlet.DispatcherServlet        : GET "/bootdemo/query/personal.do?content=logout", parameters={masked}
2020-05-13 10:56:35.757 DEBUG 552 --- [http-nio-8080-exec-2] s.w.s.m.m.a.RequestMappingHandlerMapping : Mapped to com.bootdemo.controller.QueryController#doPersonal(String, Model)
2020-05-13 10:56:35.759 DEBUG 552 --- [http-nio-8080-exec-2] o.s.web.servlet.view.RedirectView        : View name 'redirect:/login/login.html', model {}
2020-05-13 10:56:35.761 DEBUG 552 --- [http-nio-8080-exec-2] o.s.web.servlet.DispatcherServlet        : Completed 200 OK
2020-05-13 10:56:35.778 DEBUG 552 --- [http-nio-8080-exec-4] o.s.web.servlet.DispatcherServlet        : GET "/bootdemo/login/login.html", parameters={}
2020-05-13 10:56:35.781 DEBUG 552 --- [http-nio-8080-exec-4] o.s.w.s.handler.SimpleUrlHandlerMapping  : Mapped to ResourceHttpRequestHandler ["classpath:/META-INF/resources/", "classpath:/resources/", "classpath:/static/", "classpath:/public/", "/"]
2020-05-13 10:56:35.786 DEBUG 552 --- [http-nio-8080-exec-4] o.s.web.servlet.DispatcherServlet        : Completed 200 OK
2020-05-13 10:56:37.103 DEBUG 552 --- [http-nio-8080-exec-5] o.s.web.servlet.DispatcherServlet        : POST "/bootdemo/login/login.do", parameters={masked}
2020-05-13 10:56:37.103 DEBUG 552 --- [http-nio-8080-exec-5] s.w.s.m.m.a.RequestMappingHandlerMapping : Mapped to com.bootdemo.controller.UserController#doLogin(String, String, Model)
2020-05-13 10:56:39.107 DEBUG 552 --- [http-nio-8080-exec-5] c.b.d.U.selectUserByPhoneNumber          : ==>  Preparing: select * from user where phoneNumber = ? 
2020-05-13 10:56:39.107 DEBUG 552 --- [http-nio-8080-exec-5] c.b.d.U.selectUserByPhoneNumber          : ==> Parameters: 18219559679(String)
2020-05-13 10:56:39.149 DEBUG 552 --- [http-nio-8080-exec-5] c.b.d.U.selectUserByPhoneNumber          : <==      Total: 1
2020-05-13 10:56:39.151 DEBUG 552 --- [http-nio-8080-exec-5] o.s.w.s.v.ContentNegotiatingViewResolver : Selected 'text/html' given [text/html, application/xhtml+xml, image/webp, application/xml;q=0.9, */*;q=0.8]
2020-05-13 10:56:39.159 DEBUG 552 --- [http-nio-8080-exec-5] o.s.web.servlet.DispatcherServlet        : Completed 200 OK
2020-05-13 10:56:39.265 DEBUG 552 --- [http-nio-8080-exec-6] o.s.web.servlet.DispatcherServlet        : GET "/bootdemo/img/download.png", parameters={}
2020-05-13 10:56:39.266 DEBUG 552 --- [http-nio-8080-exec-6] o.s.w.s.handler.SimpleUrlHandlerMapping  : Mapped to ResourceHttpRequestHandler ["classpath:/META-INF/resources/", "classpath:/resources/", "classpath:/static/", "classpath:/public/", "/"]
2020-05-13 10:56:39.268 DEBUG 552 --- [http-nio-8080-exec-6] o.s.web.servlet.DispatcherServlet        : Failed to complete request: org.apache.catalina.connector.ClientAbortException: java.io.IOException: 你的主机中的软件中止了一个已建立的连接。
2020-05-13 10:56:40.450 DEBUG 552 --- [http-nio-8080-exec-7] o.s.web.servlet.DispatcherServlet        : POST "/bootdemo/query/personal.do", parameters={masked}
2020-05-13 10:56:40.451 DEBUG 552 --- [http-nio-8080-exec-7] s.w.s.m.m.a.RequestMappingHandlerMapping : Mapped to com.bootdemo.controller.QueryController#doPersonal(String, Model)
2020-05-13 10:56:40.496 DEBUG 552 --- [http-nio-8080-exec-7] c.b.d.O.selectOrdersByUserIdIsPay        : ==>  Preparing: SELECT * FROM orders WHERE isPay = ? AND userId = ? ORDER BY orderId desc 
2020-05-13 10:56:40.497 DEBUG 552 --- [http-nio-8080-exec-7] c.b.d.O.selectOrdersByUserIdIsPay        : ==> Parameters: 1(Byte), 2(Integer)
2020-05-13 10:56:40.542 DEBUG 552 --- [http-nio-8080-exec-7] c.b.d.O.selectOrdersByUserIdIsPay        : <==      Total: 3
2020-05-13 10:56:40.584 DEBUG 552 --- [http-nio-8080-exec-7] c.b.dao.TicketMapper.selectTicket        : ==>  Preparing: SELECT * FROM ticket WHERE ticketId = ? 
2020-05-13 10:56:40.585 DEBUG 552 --- [http-nio-8080-exec-7] c.b.dao.TicketMapper.selectTicket        : ==> Parameters: 102(Integer)
2020-05-13 10:56:40.624 DEBUG 552 --- [http-nio-8080-exec-7] c.b.dao.TicketMapper.selectTicket        : <==      Total: 1
2020-05-13 10:56:40.745 DEBUG 552 --- [http-nio-8080-exec-7] c.b.dao.TicketMapper.selectTicket        : ==>  Preparing: SELECT * FROM ticket WHERE ticketId = ? 
2020-05-13 10:56:40.745 DEBUG 552 --- [http-nio-8080-exec-7] c.b.dao.TicketMapper.selectTicket        : ==> Parameters: 101(Integer)
2020-05-13 10:56:40.784 DEBUG 552 --- [http-nio-8080-exec-7] c.b.dao.TicketMapper.selectTicket        : <==      Total: 1
2020-05-13 10:56:40.903 DEBUG 552 --- [http-nio-8080-exec-7] c.b.dao.TicketMapper.selectTicket        : ==>  Preparing: SELECT * FROM ticket WHERE ticketId = ? 
2020-05-13 10:56:40.904 DEBUG 552 --- [http-nio-8080-exec-7] c.b.dao.TicketMapper.selectTicket        : ==> Parameters: 114(Integer)
2020-05-13 10:56:40.944 DEBUG 552 --- [http-nio-8080-exec-7] c.b.dao.TicketMapper.selectTicket        : <==      Total: 1
2020-05-13 10:56:41.071 DEBUG 552 --- [http-nio-8080-exec-7] o.s.w.s.v.ContentNegotiatingViewResolver : Selected 'text/html' given [text/html, */*;q=0.01]
2020-05-13 10:56:41.082 DEBUG 552 --- [http-nio-8080-exec-7] o.s.web.servlet.DispatcherServlet        : Completed 200 OK
2020-05-13 10:57:50.955 DEBUG 552 --- [http-nio-8080-exec-9] o.s.web.servlet.DispatcherServlet        : GET "/bootdemo/query/personal.do?content=logout", parameters={masked}
2020-05-13 10:57:50.956 DEBUG 552 --- [http-nio-8080-exec-9] s.w.s.m.m.a.RequestMappingHandlerMapping : Mapped to com.bootdemo.controller.QueryController#doPersonal(String, Model)
2020-05-13 10:57:50.957 DEBUG 552 --- [http-nio-8080-exec-9] o.s.web.servlet.view.RedirectView        : View name 'redirect:/login/login.html', model {}
2020-05-13 10:57:50.957 DEBUG 552 --- [http-nio-8080-exec-9] o.s.web.servlet.DispatcherServlet        : Completed 200 OK
2020-05-13 10:57:51.731 DEBUG 552 --- [http-nio-8080-exec-1] o.s.web.servlet.DispatcherServlet        : POST "/bootdemo/login/login.do", parameters={masked}
2020-05-13 10:57:51.731 DEBUG 552 --- [http-nio-8080-exec-1] s.w.s.m.m.a.RequestMappingHandlerMapping : Mapped to com.bootdemo.controller.UserController#doLogin(String, String, Model)
2020-05-13 10:57:51.775 DEBUG 552 --- [http-nio-8080-exec-1] c.b.d.U.selectUserByPhoneNumber          : ==>  Preparing: select * from user where phoneNumber = ? 
2020-05-13 10:57:51.775 DEBUG 552 --- [http-nio-8080-exec-1] c.b.d.U.selectUserByPhoneNumber          : ==> Parameters: 18219559679(String)
2020-05-13 10:57:51.816 DEBUG 552 --- [http-nio-8080-exec-1] c.b.d.U.selectUserByPhoneNumber          : <==      Total: 1
2020-05-13 10:57:51.817 DEBUG 552 --- [http-nio-8080-exec-1] o.s.w.s.v.ContentNegotiatingViewResolver : Selected 'text/html' given [text/html, application/xhtml+xml, image/webp, application/xml;q=0.9, */*;q=0.8]
2020-05-13 10:57:51.820 DEBUG 552 --- [http-nio-8080-exec-1] o.s.web.servlet.DispatcherServlet        : Completed 200 OK
2020-05-13 10:57:51.973 DEBUG 552 --- [http-nio-8080-exec-2] o.s.web.servlet.DispatcherServlet        : GET "/bootdemo/img/download.png", parameters={}
2020-05-13 10:57:51.974 DEBUG 552 --- [http-nio-8080-exec-2] o.s.w.s.handler.SimpleUrlHandlerMapping  : Mapped to ResourceHttpRequestHandler ["classpath:/META-INF/resources/", "classpath:/resources/", "classpath:/static/", "classpath:/public/", "/"]
2020-05-13 10:57:51.978 DEBUG 552 --- [http-nio-8080-exec-2] o.s.web.servlet.DispatcherServlet        : Failed to complete request: org.apache.catalina.connector.ClientAbortException: java.io.IOException: 你的主机中的软件中止了一个已建立的连接。
2020-05-13 10:57:53.088 DEBUG 552 --- [http-nio-8080-exec-4] o.s.web.servlet.DispatcherServlet        : GET "/bootdemo/img/loading.jpeg.gif", parameters={}
2020-05-13 10:57:53.089 DEBUG 552 --- [http-nio-8080-exec-4] o.s.w.s.handler.SimpleUrlHandlerMapping  : Mapped to ResourceHttpRequestHandler ["classpath:/META-INF/resources/", "classpath:/resources/", "classpath:/static/", "classpath:/public/", "/"]
2020-05-13 10:57:53.093 DEBUG 552 --- [http-nio-8080-exec-4] o.s.web.servlet.DispatcherServlet        : Failed to complete request: org.apache.catalina.connector.ClientAbortException: java.io.IOException: 你的主机中的软件中止了一个已建立的连接。
2020-05-13 10:57:53.095 DEBUG 552 --- [http-nio-8080-exec-3] o.s.web.servlet.DispatcherServlet        : POST "/bootdemo/query/personal.do", parameters={masked}
2020-05-13 10:57:53.096 DEBUG 552 --- [http-nio-8080-exec-3] s.w.s.m.m.a.RequestMappingHandlerMapping : Mapped to com.bootdemo.controller.QueryController#doPersonal(String, Model)
2020-05-13 10:57:53.181 DEBUG 552 --- [http-nio-8080-exec-3] o.s.w.s.v.ContentNegotiatingViewResolver : Selected 'text/html' given [text/html, */*;q=0.01]
2020-05-13 10:57:53.189 DEBUG 552 --- [http-nio-8080-exec-3] o.s.web.servlet.DispatcherServlet        : Completed 200 OK
2020-05-13 10:58:04.691 DEBUG 552 --- [http-nio-8080-exec-5] o.s.web.servlet.DispatcherServlet        : GET "/bootdemo/img/ticket.jpg", parameters={}
2020-05-13 10:58:04.692 DEBUG 552 --- [http-nio-8080-exec-5] o.s.w.s.handler.SimpleUrlHandlerMapping  : Mapped to ResourceHttpRequestHandler ["classpath:/META-INF/resources/", "classpath:/resources/", "classpath:/static/", "classpath:/public/", "/"]
2020-05-13 10:58:04.699 DEBUG 552 --- [http-nio-8080-exec-5] o.s.web.servlet.DispatcherServlet        : Completed 200 OK
2020-05-13 11:06:22.809 DEBUG 552 --- [http-nio-8080-exec-8] o.s.web.servlet.DispatcherServlet        : GET "/bootdemo/query/personal.do?content=logout", parameters={masked}
2020-05-13 11:06:22.810 DEBUG 552 --- [http-nio-8080-exec-8] s.w.s.m.m.a.RequestMappingHandlerMapping : Mapped to com.bootdemo.controller.QueryController#doPersonal(String, Model)
2020-05-13 11:06:22.811 DEBUG 552 --- [http-nio-8080-exec-8] o.s.web.servlet.view.RedirectView        : View name 'redirect:/login/login.html', model {}
2020-05-13 11:06:22.811 DEBUG 552 --- [http-nio-8080-exec-8] o.s.web.servlet.DispatcherServlet        : Completed 200 OK
2020-05-13 11:06:22.829 DEBUG 552 --- [http-nio-8080-exec-9] o.s.web.servlet.DispatcherServlet        : GET "/bootdemo/login/login.html", parameters={}
2020-05-13 11:06:22.831 DEBUG 552 --- [http-nio-8080-exec-9] o.s.w.s.handler.SimpleUrlHandlerMapping  : Mapped to ResourceHttpRequestHandler ["classpath:/META-INF/resources/", "classpath:/resources/", "classpath:/static/", "classpath:/public/", "/"]
2020-05-13 11:06:22.835 DEBUG 552 --- [http-nio-8080-exec-9] o.s.web.servlet.DispatcherServlet        : Completed 200 OK
2020-05-13 11:06:23.620 DEBUG 552 --- [http-nio-8080-exec-10] o.s.web.servlet.DispatcherServlet        : POST "/bootdemo/login/login.do", parameters={masked}
2020-05-13 11:06:23.620 DEBUG 552 --- [http-nio-8080-exec-10] s.w.s.m.m.a.RequestMappingHandlerMapping : Mapped to com.bootdemo.controller.UserController#doLogin(String, String, Model)
2020-05-13 11:06:25.623 DEBUG 552 --- [http-nio-8080-exec-10] c.b.d.U.selectUserByPhoneNumber          : ==>  Preparing: select * from user where phoneNumber = ? 
2020-05-13 11:06:25.623 DEBUG 552 --- [http-nio-8080-exec-10] c.b.d.U.selectUserByPhoneNumber          : ==> Parameters: 18219559679(String)
2020-05-13 11:06:25.662 DEBUG 552 --- [http-nio-8080-exec-10] c.b.d.U.selectUserByPhoneNumber          : <==      Total: 1
2020-05-13 11:06:25.663 DEBUG 552 --- [http-nio-8080-exec-10] o.s.w.s.v.ContentNegotiatingViewResolver : Selected 'text/html' given [text/html, application/xhtml+xml, image/webp, application/xml;q=0.9, */*;q=0.8]
2020-05-13 11:06:25.669 DEBUG 552 --- [http-nio-8080-exec-10] o.s.web.servlet.DispatcherServlet        : Completed 200 OK
2020-05-13 11:06:34.360 DEBUG 552 --- [http-nio-8080-exec-1] o.s.web.servlet.DispatcherServlet        : POST "/bootdemo/query/personal.do", parameters={masked}
2020-05-13 11:06:34.361 DEBUG 552 --- [http-nio-8080-exec-1] s.w.s.m.m.a.RequestMappingHandlerMapping : Mapped to com.bootdemo.controller.QueryController#doPersonal(String, Model)
2020-05-13 11:06:34.402 DEBUG 552 --- [http-nio-8080-exec-1] c.b.d.O.selectOrdersByUserIdIsPay        : ==>  Preparing: SELECT * FROM orders WHERE isPay = ? AND userId = ? ORDER BY orderId desc 
2020-05-13 11:06:34.404 DEBUG 552 --- [http-nio-8080-exec-1] c.b.d.O.selectOrdersByUserIdIsPay        : ==> Parameters: 1(Byte), 2(Integer)
2020-05-13 11:06:34.443 DEBUG 552 --- [http-nio-8080-exec-1] c.b.d.O.selectOrdersByUserIdIsPay        : <==      Total: 3
2020-05-13 11:06:34.484 DEBUG 552 --- [http-nio-8080-exec-1] c.b.dao.TicketMapper.selectTicket        : ==>  Preparing: SELECT * FROM ticket WHERE ticketId = ? 
2020-05-13 11:06:34.484 DEBUG 552 --- [http-nio-8080-exec-1] c.b.dao.TicketMapper.selectTicket        : ==> Parameters: 102(Integer)
2020-05-13 11:06:34.521 DEBUG 552 --- [http-nio-8080-exec-1] c.b.dao.TicketMapper.selectTicket        : <==      Total: 1
2020-05-13 11:06:34.641 DEBUG 552 --- [http-nio-8080-exec-1] c.b.dao.TicketMapper.selectTicket        : ==>  Preparing: SELECT * FROM ticket WHERE ticketId = ? 
2020-05-13 11:06:34.642 DEBUG 552 --- [http-nio-8080-exec-1] c.b.dao.TicketMapper.selectTicket        : ==> Parameters: 101(Integer)
2020-05-13 11:06:34.680 DEBUG 552 --- [http-nio-8080-exec-1] c.b.dao.TicketMapper.selectTicket        : <==      Total: 1
2020-05-13 11:06:34.803 DEBUG 552 --- [http-nio-8080-exec-1] c.b.dao.TicketMapper.selectTicket        : ==>  Preparing: SELECT * FROM ticket WHERE ticketId = ? 
2020-05-13 11:06:34.803 DEBUG 552 --- [http-nio-8080-exec-1] c.b.dao.TicketMapper.selectTicket        : ==> Parameters: 114(Integer)
2020-05-13 11:06:34.841 DEBUG 552 --- [http-nio-8080-exec-1] c.b.dao.TicketMapper.selectTicket        : <==      Total: 1
2020-05-13 11:06:34.964 DEBUG 552 --- [http-nio-8080-exec-1] o.s.w.s.v.ContentNegotiatingViewResolver : Selected 'text/html' given [text/html, */*;q=0.01]
2020-05-13 11:06:34.974 DEBUG 552 --- [http-nio-8080-exec-1] o.s.web.servlet.DispatcherServlet        : Completed 200 OK
2020-05-13 11:07:58.670 DEBUG 552 --- [http-nio-8080-exec-4] o.s.web.servlet.DispatcherServlet        : GET "/bootdemo/query/personal.do?content=logout", parameters={masked}
2020-05-13 11:07:58.670 DEBUG 552 --- [http-nio-8080-exec-4] s.w.s.m.m.a.RequestMappingHandlerMapping : Mapped to com.bootdemo.controller.QueryController#doPersonal(String, Model)
2020-05-13 11:07:58.671 DEBUG 552 --- [http-nio-8080-exec-4] o.s.web.servlet.view.RedirectView        : View name 'redirect:/login/login.html', model {}
2020-05-13 11:07:58.672 DEBUG 552 --- [http-nio-8080-exec-4] o.s.web.servlet.DispatcherServlet        : Completed 200 OK
2020-05-13 11:08:45.571 DEBUG 552 --- [http-nio-8080-exec-3] o.s.web.servlet.DispatcherServlet        : POST "/bootdemo/login/login.do", parameters={masked}
2020-05-13 11:08:45.572 DEBUG 552 --- [http-nio-8080-exec-3] s.w.s.m.m.a.RequestMappingHandlerMapping : Mapped to com.bootdemo.controller.UserController#doLogin(String, String, Model)
2020-05-13 11:08:45.615 DEBUG 552 --- [http-nio-8080-exec-3] c.b.d.U.selectUserByPhoneNumber          : ==>  Preparing: select * from user where phoneNumber = ? 
2020-05-13 11:08:45.615 DEBUG 552 --- [http-nio-8080-exec-3] c.b.d.U.selectUserByPhoneNumber          : ==> Parameters: 18219559679(String)
2020-05-13 11:08:45.665 DEBUG 552 --- [http-nio-8080-exec-3] c.b.d.U.selectUserByPhoneNumber          : <==      Total: 1
2020-05-13 11:08:45.667 DEBUG 552 --- [http-nio-8080-exec-3] o.s.w.s.v.ContentNegotiatingViewResolver : Selected 'text/html' given [text/html, application/xhtml+xml, image/webp, application/xml;q=0.9, */*;q=0.8]
2020-05-13 11:08:45.670 DEBUG 552 --- [http-nio-8080-exec-3] o.s.web.servlet.DispatcherServlet        : Completed 200 OK
2020-05-13 11:08:47.247 DEBUG 552 --- [http-nio-8080-exec-5] o.s.web.servlet.DispatcherServlet        : GET "/bootdemo/img/loading.jpeg.gif", parameters={}
2020-05-13 11:08:47.248 DEBUG 552 --- [http-nio-8080-exec-5] o.s.w.s.handler.SimpleUrlHandlerMapping  : Mapped to ResourceHttpRequestHandler ["classpath:/META-INF/resources/", "classpath:/resources/", "classpath:/static/", "classpath:/public/", "/"]
2020-05-13 11:08:47.251 DEBUG 552 --- [http-nio-8080-exec-5] o.s.web.servlet.DispatcherServlet        : Failed to complete request: org.apache.catalina.connector.ClientAbortException: java.io.IOException: 你的主机中的软件中止了一个已建立的连接。
2020-05-13 11:08:47.261 DEBUG 552 --- [http-nio-8080-exec-6] o.s.web.servlet.DispatcherServlet        : POST "/bootdemo/query/personal.do", parameters={masked}
2020-05-13 11:08:47.263 DEBUG 552 --- [http-nio-8080-exec-6] s.w.s.m.m.a.RequestMappingHandlerMapping : Mapped to com.bootdemo.controller.QueryController#doPersonal(String, Model)
2020-05-13 11:08:47.305 DEBUG 552 --- [http-nio-8080-exec-6] c.b.d.O.selectOrdersByUserIdIsPay        : ==>  Preparing: SELECT * FROM orders WHERE isPay = ? AND userId = ? ORDER BY orderId desc 
2020-05-13 11:08:47.306 DEBUG 552 --- [http-nio-8080-exec-6] c.b.d.O.selectOrdersByUserIdIsPay        : ==> Parameters: 1(Byte), 2(Integer)
2020-05-13 11:08:47.352 DEBUG 552 --- [http-nio-8080-exec-6] c.b.d.O.selectOrdersByUserIdIsPay        : <==      Total: 3
2020-05-13 11:08:47.398 DEBUG 552 --- [http-nio-8080-exec-6] c.b.d.T.selectTrainSection               : ==>  Preparing: SELECT * FROM train_section WHERE sectionId = ? 
2020-05-13 11:08:47.398 DEBUG 552 --- [http-nio-8080-exec-6] c.b.d.T.selectTrainSection               : ==> Parameters: 10001(Integer)
2020-05-13 11:08:47.436 DEBUG 552 --- [http-nio-8080-exec-6] c.b.d.T.selectTrainSection               : <==      Total: 1
2020-05-13 11:08:47.478 DEBUG 552 --- [http-nio-8080-exec-6] c.b.dao.TicketMapper.selectTicket        : ==>  Preparing: SELECT * FROM ticket WHERE ticketId = ? 
2020-05-13 11:08:47.479 DEBUG 552 --- [http-nio-8080-exec-6] c.b.dao.TicketMapper.selectTicket        : ==> Parameters: 102(Integer)
2020-05-13 11:08:47.520 DEBUG 552 --- [http-nio-8080-exec-6] c.b.dao.TicketMapper.selectTicket        : <==      Total: 1
2020-05-13 11:08:47.563 DEBUG 552 --- [http-nio-8080-exec-6] c.b.d.TicketTypeMapper.selectTicketType  : ==>  Preparing: SELECT * FROM ticket_type WHERE typeId = ? 
2020-05-13 11:08:47.563 DEBUG 552 --- [http-nio-8080-exec-6] c.b.d.TicketTypeMapper.selectTicketType  : ==> Parameters: 10000(Integer)
2020-05-13 11:08:47.602 DEBUG 552 --- [http-nio-8080-exec-6] c.b.d.TicketTypeMapper.selectTicketType  : <==      Total: 1
2020-05-13 11:08:47.686 DEBUG 552 --- [http-nio-8080-exec-6] c.b.dao.TicketMapper.selectTicket        : ==>  Preparing: SELECT * FROM ticket WHERE ticketId = ? 
2020-05-13 11:08:47.686 DEBUG 552 --- [http-nio-8080-exec-6] c.b.dao.TicketMapper.selectTicket        : ==> Parameters: 101(Integer)
2020-05-13 11:08:47.726 DEBUG 552 --- [http-nio-8080-exec-6] c.b.dao.TicketMapper.selectTicket        : <==      Total: 1
2020-05-13 11:08:47.849 DEBUG 552 --- [http-nio-8080-exec-6] c.b.dao.TicketMapper.selectTicket        : ==>  Preparing: SELECT * FROM ticket WHERE ticketId = ? 
2020-05-13 11:08:47.849 DEBUG 552 --- [http-nio-8080-exec-6] c.b.dao.TicketMapper.selectTicket        : ==> Parameters: 114(Integer)
2020-05-13 11:08:47.890 DEBUG 552 --- [http-nio-8080-exec-6] c.b.dao.TicketMapper.selectTicket        : <==      Total: 1
2020-05-13 11:08:47.932 DEBUG 552 --- [http-nio-8080-exec-6] c.b.d.TicketTypeMapper.selectTicketType  : ==>  Preparing: SELECT * FROM ticket_type WHERE typeId = ? 
2020-05-13 11:08:47.933 DEBUG 552 --- [http-nio-8080-exec-6] c.b.d.TicketTypeMapper.selectTicketType  : ==> Parameters: 10003(Integer)
2020-05-13 11:08:47.971 DEBUG 552 --- [http-nio-8080-exec-6] c.b.d.TicketTypeMapper.selectTicketType  : <==      Total: 1
2020-05-13 11:08:48.060 DEBUG 552 --- [http-nio-8080-exec-6] o.s.w.s.v.ContentNegotiatingViewResolver : Selected 'text/html' given [text/html, */*;q=0.01]
2020-05-13 11:08:48.078 DEBUG 552 --- [http-nio-8080-exec-6] o.s.web.servlet.DispatcherServlet        : Completed 200 OK
2020-05-13 11:09:34.009 DEBUG 552 --- [http-nio-8080-exec-7] o.s.web.servlet.DispatcherServlet        : GET "/bootdemo/query/personal.do?content=logout", parameters={masked}
2020-05-13 11:09:34.009 DEBUG 552 --- [http-nio-8080-exec-7] s.w.s.m.m.a.RequestMappingHandlerMapping : Mapped to com.bootdemo.controller.QueryController#doPersonal(String, Model)
2020-05-13 11:09:34.010 DEBUG 552 --- [http-nio-8080-exec-7] o.s.web.servlet.view.RedirectView        : View name 'redirect:/login/login.html', model {}
2020-05-13 11:09:34.011 DEBUG 552 --- [http-nio-8080-exec-7] o.s.web.servlet.DispatcherServlet        : Completed 200 OK
2020-05-13 11:09:34.884 DEBUG 552 --- [http-nio-8080-exec-8] o.s.web.servlet.DispatcherServlet        : POST "/bootdemo/login/login.do", parameters={masked}
2020-05-13 11:09:34.885 DEBUG 552 --- [http-nio-8080-exec-8] s.w.s.m.m.a.RequestMappingHandlerMapping : Mapped to com.bootdemo.controller.UserController#doLogin(String, String, Model)
2020-05-13 11:09:34.886 DEBUG 552 --- [http-nio-8080-exec-8] c.b.d.U.selectUserByPhoneNumber          : ==>  Preparing: select * from user where phoneNumber = ? 
2020-05-13 11:09:34.886 DEBUG 552 --- [http-nio-8080-exec-8] c.b.d.U.selectUserByPhoneNumber          : ==> Parameters: 18219559679(String)
2020-05-13 11:09:34.926 DEBUG 552 --- [http-nio-8080-exec-8] c.b.d.U.selectUserByPhoneNumber          : <==      Total: 1
2020-05-13 11:09:34.927 DEBUG 552 --- [http-nio-8080-exec-8] o.s.w.s.v.ContentNegotiatingViewResolver : Selected 'text/html' given [text/html, application/xhtml+xml, image/webp, application/xml;q=0.9, */*;q=0.8]
2020-05-13 11:09:34.929 DEBUG 552 --- [http-nio-8080-exec-8] o.s.web.servlet.DispatcherServlet        : Completed 200 OK
2020-05-13 11:09:36.342 DEBUG 552 --- [http-nio-8080-exec-9] o.s.web.servlet.DispatcherServlet        : GET "/bootdemo/img/loading.jpeg.gif", parameters={}
2020-05-13 11:09:36.343 DEBUG 552 --- [http-nio-8080-exec-9] o.s.w.s.handler.SimpleUrlHandlerMapping  : Mapped to ResourceHttpRequestHandler ["classpath:/META-INF/resources/", "classpath:/resources/", "classpath:/static/", "classpath:/public/", "/"]
2020-05-13 11:09:36.346 DEBUG 552 --- [http-nio-8080-exec-9] o.s.web.servlet.DispatcherServlet        : Failed to complete request: org.apache.catalina.connector.ClientAbortException: java.io.IOException: 你的主机中的软件中止了一个已建立的连接。
2020-05-13 11:09:37.330 DEBUG 552 --- [http-nio-8080-exec-10] o.s.web.servlet.DispatcherServlet        : POST "/bootdemo/query/personal.do", parameters={masked}
2020-05-13 11:09:37.330 DEBUG 552 --- [http-nio-8080-exec-10] s.w.s.m.m.a.RequestMappingHandlerMapping : Mapped to com.bootdemo.controller.QueryController#doPersonal(String, Model)
2020-05-13 11:09:37.418 DEBUG 552 --- [http-nio-8080-exec-10] o.s.w.s.v.ContentNegotiatingViewResolver : Selected 'text/html' given [text/html, */*;q=0.01]
2020-05-13 11:09:37.428 DEBUG 552 --- [http-nio-8080-exec-10] o.s.web.servlet.DispatcherServlet        : Completed 200 OK
2020-05-13 11:10:04.824 DEBUG 552 --- [http-nio-8080-exec-1] o.s.web.servlet.DispatcherServlet        : GET "/bootdemo/img/ticket.jpg", parameters={}
2020-05-13 11:10:04.825 DEBUG 552 --- [http-nio-8080-exec-1] o.s.w.s.handler.SimpleUrlHandlerMapping  : Mapped to ResourceHttpRequestHandler ["classpath:/META-INF/resources/", "classpath:/resources/", "classpath:/static/", "classpath:/public/", "/"]
2020-05-13 11:10:04.828 DEBUG 552 --- [http-nio-8080-exec-1] o.s.web.servlet.DispatcherServlet        : Failed to complete request: org.apache.catalina.connector.ClientAbortException: java.io.IOException: 你的主机中的软件中止了一个已建立的连接。
2020-05-13 11:11:54.001 DEBUG 552 --- [http-nio-8080-exec-6] o.s.web.servlet.DispatcherServlet        : POST "/bootdemo/query/personal.do", parameters={masked}
2020-05-13 11:11:54.002 DEBUG 552 --- [http-nio-8080-exec-6] s.w.s.m.m.a.RequestMappingHandlerMapping : Mapped to com.bootdemo.controller.QueryController#doPersonal(String, Model)
2020-05-13 11:11:54.103 DEBUG 552 --- [http-nio-8080-exec-6] o.s.w.s.v.ContentNegotiatingViewResolver : Selected 'text/html' given [text/html, */*;q=0.01]
2020-05-13 11:11:54.108 DEBUG 552 --- [http-nio-8080-exec-6] o.s.web.servlet.DispatcherServlet        : Completed 200 OK
2020-05-13 11:11:55.370 DEBUG 552 --- [http-nio-8080-exec-7] o.s.web.servlet.DispatcherServlet        : POST "/bootdemo/query/personal.do", parameters={masked}
2020-05-13 11:11:55.370 DEBUG 552 --- [http-nio-8080-exec-7] s.w.s.m.m.a.RequestMappingHandlerMapping : Mapped to com.bootdemo.controller.QueryController#doPersonal(String, Model)
2020-05-13 11:11:55.456 DEBUG 552 --- [http-nio-8080-exec-7] o.s.w.s.v.ContentNegotiatingViewResolver : Selected 'text/html' given [text/html, */*;q=0.01]
2020-05-13 11:11:55.462 DEBUG 552 --- [http-nio-8080-exec-7] o.s.web.servlet.DispatcherServlet        : Completed 200 OK
2020-05-13 11:11:56.201 DEBUG 552 --- [http-nio-8080-exec-8] o.s.web.servlet.DispatcherServlet        : POST "/bootdemo/query/personal.do", parameters={masked}
2020-05-13 11:11:56.202 DEBUG 552 --- [http-nio-8080-exec-8] s.w.s.m.m.a.RequestMappingHandlerMapping : Mapped to com.bootdemo.controller.QueryController#doPersonal(String, Model)
2020-05-13 11:11:56.293 DEBUG 552 --- [http-nio-8080-exec-8] o.s.w.s.v.ContentNegotiatingViewResolver : Selected 'text/html' given [text/html, */*;q=0.01]
2020-05-13 11:11:56.299 DEBUG 552 --- [http-nio-8080-exec-8] o.s.web.servlet.DispatcherServlet        : Completed 200 OK
2020-05-13 11:31:14.749 DEBUG 552 --- [http-nio-8080-exec-10] o.s.web.servlet.DispatcherServlet        : GET "/bootdemo/query/personal.do?content=logout", parameters={masked}
2020-05-13 11:31:14.750 DEBUG 552 --- [http-nio-8080-exec-10] s.w.s.m.m.a.RequestMappingHandlerMapping : Mapped to com.bootdemo.controller.QueryController#doPersonal(String, Model)
2020-05-13 11:31:14.751 DEBUG 552 --- [http-nio-8080-exec-10] o.s.web.servlet.view.RedirectView        : View name 'redirect:/login/login.html', model {}
2020-05-13 11:31:14.751 DEBUG 552 --- [http-nio-8080-exec-10] o.s.web.servlet.DispatcherServlet        : Completed 200 OK
2020-05-13 11:31:14.777 DEBUG 552 --- [http-nio-8080-exec-1] o.s.web.servlet.DispatcherServlet        : GET "/bootdemo/login/login.html", parameters={}
2020-05-13 11:31:14.778 DEBUG 552 --- [http-nio-8080-exec-1] o.s.w.s.handler.SimpleUrlHandlerMapping  : Mapped to ResourceHttpRequestHandler ["classpath:/META-INF/resources/", "classpath:/resources/", "classpath:/static/", "classpath:/public/", "/"]
2020-05-13 11:31:14.783 DEBUG 552 --- [http-nio-8080-exec-1] o.s.web.servlet.DispatcherServlet        : Completed 200 OK
2020-05-13 11:31:15.508 DEBUG 552 --- [http-nio-8080-exec-2] o.s.web.servlet.DispatcherServlet        : POST "/bootdemo/login/login.do", parameters={masked}
2020-05-13 11:31:15.509 DEBUG 552 --- [http-nio-8080-exec-2] s.w.s.m.m.a.RequestMappingHandlerMapping : Mapped to com.bootdemo.controller.UserController#doLogin(String, String, Model)
2020-05-13 11:31:17.513 DEBUG 552 --- [http-nio-8080-exec-2] c.b.d.U.selectUserByPhoneNumber          : ==>  Preparing: select * from user where phoneNumber = ? 
2020-05-13 11:31:17.513 DEBUG 552 --- [http-nio-8080-exec-2] c.b.d.U.selectUserByPhoneNumber          : ==> Parameters: 18219559679(String)
2020-05-13 11:31:17.552 DEBUG 552 --- [http-nio-8080-exec-2] c.b.d.U.selectUserByPhoneNumber          : <==      Total: 1
2020-05-13 11:31:17.554 DEBUG 552 --- [http-nio-8080-exec-2] o.s.w.s.v.ContentNegotiatingViewResolver : Selected 'text/html' given [text/html, application/xhtml+xml, image/webp, application/xml;q=0.9, */*;q=0.8]
2020-05-13 11:31:17.559 DEBUG 552 --- [http-nio-8080-exec-2] o.s.web.servlet.DispatcherServlet        : Completed 200 OK
2020-05-13 11:31:17.672 DEBUG 552 --- [http-nio-8080-exec-4] o.s.web.servlet.DispatcherServlet        : GET "/bootdemo/img/download.png", parameters={}
2020-05-13 11:31:17.672 DEBUG 552 --- [http-nio-8080-exec-4] o.s.w.s.handler.SimpleUrlHandlerMapping  : Mapped to ResourceHttpRequestHandler ["classpath:/META-INF/resources/", "classpath:/resources/", "classpath:/static/", "classpath:/public/", "/"]
2020-05-13 11:31:17.676 DEBUG 552 --- [http-nio-8080-exec-4] o.s.web.servlet.DispatcherServlet        : Failed to complete request: org.apache.catalina.connector.ClientAbortException: java.io.IOException: 你的主机中的软件中止了一个已建立的连接。
2020-05-13 11:31:24.033 DEBUG 552 --- [http-nio-8080-exec-5] o.s.web.servlet.DispatcherServlet        : POST "/bootdemo/query/personal.do", parameters={masked}
2020-05-13 11:31:24.033 DEBUG 552 --- [http-nio-8080-exec-5] s.w.s.m.m.a.RequestMappingHandlerMapping : Mapped to com.bootdemo.controller.QueryController#doPersonal(String, Model)
2020-05-13 11:31:24.034 DEBUG 552 --- [http-nio-8080-exec-5] o.s.w.s.v.ContentNegotiatingViewResolver : Selected 'text/html' given [text/html, */*;q=0.01]
2020-05-13 11:31:24.043 DEBUG 552 --- [http-nio-8080-exec-5] o.s.web.servlet.DispatcherServlet        : Completed 200 OK
2020-05-13 11:31:25.456 DEBUG 552 --- [http-nio-8080-exec-6] o.s.web.servlet.DispatcherServlet        : POST "/bootdemo/query/personal.do", parameters={masked}
2020-05-13 11:31:25.456 DEBUG 552 --- [http-nio-8080-exec-6] s.w.s.m.m.a.RequestMappingHandlerMapping : Mapped to com.bootdemo.controller.QueryController#doPersonal(String, Model)
2020-05-13 11:31:25.457 DEBUG 552 --- [http-nio-8080-exec-6] o.s.w.s.v.ContentNegotiatingViewResolver : Selected 'text/html' given [text/html, */*;q=0.01]
2020-05-13 11:31:25.459 DEBUG 552 --- [http-nio-8080-exec-6] o.s.web.servlet.DispatcherServlet        : Completed 200 OK
2020-05-13 11:31:25.660 DEBUG 552 --- [http-nio-8080-exec-7] o.s.web.servlet.DispatcherServlet        : POST "/bootdemo/query/personal.do", parameters={masked}
2020-05-13 11:31:25.660 DEBUG 552 --- [http-nio-8080-exec-7] s.w.s.m.m.a.RequestMappingHandlerMapping : Mapped to com.bootdemo.controller.QueryController#doPersonal(String, Model)
2020-05-13 11:31:25.661 DEBUG 552 --- [http-nio-8080-exec-7] o.s.w.s.v.ContentNegotiatingViewResolver : Selected 'text/html' given [text/html, */*;q=0.01]
2020-05-13 11:31:25.666 DEBUG 552 --- [http-nio-8080-exec-7] o.s.web.servlet.DispatcherServlet        : Completed 200 OK
2020-05-13 11:31:25.843 DEBUG 552 --- [http-nio-8080-exec-8] o.s.web.servlet.DispatcherServlet        : POST "/bootdemo/query/personal.do", parameters={masked}
2020-05-13 11:31:25.843 DEBUG 552 --- [http-nio-8080-exec-8] s.w.s.m.m.a.RequestMappingHandlerMapping : Mapped to com.bootdemo.controller.QueryController#doPersonal(String, Model)
2020-05-13 11:31:25.844 DEBUG 552 --- [http-nio-8080-exec-8] o.s.w.s.v.ContentNegotiatingViewResolver : Selected 'text/html' given [text/html, */*;q=0.01]
2020-05-13 11:31:25.848 DEBUG 552 --- [http-nio-8080-exec-8] o.s.web.servlet.DispatcherServlet        : Completed 200 OK
2020-05-13 11:31:26.047 DEBUG 552 --- [http-nio-8080-exec-9] o.s.web.servlet.DispatcherServlet        : POST "/bootdemo/query/personal.do", parameters={masked}
2020-05-13 11:31:26.047 DEBUG 552 --- [http-nio-8080-exec-9] s.w.s.m.m.a.RequestMappingHandlerMapping : Mapped to com.bootdemo.controller.QueryController#doPersonal(String, Model)
2020-05-13 11:31:26.049 DEBUG 552 --- [http-nio-8080-exec-9] o.s.w.s.v.ContentNegotiatingViewResolver : Selected 'text/html' given [text/html, */*;q=0.01]
2020-05-13 11:31:26.051 DEBUG 552 --- [http-nio-8080-exec-9] o.s.web.servlet.DispatcherServlet        : Completed 200 OK
2020-05-13 11:31:34.781 DEBUG 552 --- [http-nio-8080-exec-10] o.s.web.servlet.DispatcherServlet        : GET "/bootdemo/index.html", parameters={}
2020-05-13 11:31:34.781 DEBUG 552 --- [http-nio-8080-exec-10] o.s.w.s.handler.SimpleUrlHandlerMapping  : Mapped to ResourceHttpRequestHandler ["classpath:/META-INF/resources/", "classpath:/resources/", "classpath:/static/", "classpath:/public/", "/"]
2020-05-13 11:31:34.784 DEBUG 552 --- [http-nio-8080-exec-10] o.s.web.servlet.DispatcherServlet        : Completed 200 OK
2020-05-13 11:31:34.824 DEBUG 552 --- [http-nio-8080-exec-1] o.s.web.servlet.DispatcherServlet        : GET "/bootdemo/css/calendar.css", parameters={}
2020-05-13 11:31:34.825 DEBUG 552 --- [http-nio-8080-exec-1] o.s.w.s.handler.SimpleUrlHandlerMapping  : Mapped to ResourceHttpRequestHandler ["classpath:/META-INF/resources/", "classpath:/resources/", "classpath:/static/", "classpath:/public/", "/"]
2020-05-13 11:31:34.936 DEBUG 552 --- [http-nio-8080-exec-1] o.s.web.servlet.DispatcherServlet        : Completed 200 OK
